<?xml version="1.0" encoding="UTF-8"?>
<!-- Generated by org.testng.reporters.JUnitReportReporter -->
<testsuite hostname="DESKTOP-L1S65S6" failures="0" tests="4" name="com.w2a.testcases.AddCustomerTest" time="10.188" errors="0" timestamp="29 Mar 2021 10:13:17 GMT" skipped="1">
  <testcase classname="com.w2a.testcases.AddCustomerTest" name="addCustomerTest" time="3.379"/>
  <testcase classname="com.w2a.testcases.AddCustomerTest" name="addCustomerTest" time="3.409"/>
  <testcase classname="com.w2a.testcases.AddCustomerTest" name="addCustomerTest" time="0.000">
    <skipped/>
  </testcase> <!-- addCustomerTest -->
  <testcase classname="com.w2a.testcases.AddCustomerTest" name="addCustomerTest" time="3.400"/>
</testsuite> <!-- com.w2a.testcases.AddCustomerTest -->
