<?xml version="1.0" encoding="UTF-8"?>
<!-- Generated by org.testng.reporters.JUnitReportReporter -->
<testsuite hostname="DESKTOP-L1S65S6" failures="0" tests="1" name="com.w2a.testcases.LoginTest" time="3.278" errors="0" timestamp="29 Mar 2021 10:13:17 GMT" skipped="0">
  <testcase classname="com.w2a.testcases.LoginTest" name="LoginAsBankManager" time="3.278"/>
</testsuite> <!-- com.w2a.testcases.LoginTest -->
